Arguments: 
  C:\Program Files\nodejs\node.exe C:\Users\crx\AppData\Roaming\npm\node_modules\yarn\bin\yarn.js add react-next-app

PATH: 
  C: ;C:\Program Files\Java\jdk1.8.0_202\bin;C:\Program Files\Java\jdk1.8.0_202\jre\bin;\Program Files (x86)\Common Files\Oracle\Java\javapath;"C:\Program Files\Java\jdk1.8.0_60\bin;C:\ProgramData\Oracle\Java\javapath";C:\Program Files (x86)\Intel\TXE Components\iCLS\;C:\Program Files\Intel\TXE Components\iCLS\;C:\WINDOWS\system32;C:\WINDOWS;C:\WINDOWS\System32\Wbem;C:\WINDOWS\System32\WindowsPowerShell\v1.0\;C:\Program Files\Intel\WiFi\bin\;C:\Program Files\Common Files\Intel\WirelessCommon\;C:\Program Files\Intel\TXE Components\DAL\;C:\Program Files (x86)\Intel\TXE Components\DAL\;C:\Program Files\Intel\TXE Components\IPT\;C:\Program Files (x86)\Intel\TXE Components\IPT\;C:\Program Files\nodejs\;C:\Program Files\Git\cmd;C:\Users\crx\Desktop\mysql-5.6.27-winx64\bin;C:\Users\crx\AppData\Local\Microsoft\WindowsApps;C:\Users\crx\AppData\Local\Programs\Microsoft VS Code\bin;C:\Users\crx\AppData\Roaming\npm;C:\Users\crx\AppData\Local\GitHubDesktop\bin;C:\Program Files\MongoDB\Server\4.0\bin;

Yarn version: 
  1.16.0

Node version: 
  10.15.1

Platform: 
  win32 x64

Trace: 
  Error: https://registry.yarnpkg.com/react-next-app: Not found
      at Request.params.callback [as _callback] (C:\Users\crx\AppData\Roaming\npm\node_modules\yarn\lib\cli.js:66091:18)
      at Request.self.callback (C:\Users\crx\AppData\Roaming\npm\node_modules\yarn\lib\cli.js:129590:22)
      at Request.emit (events.js:189:13)
      at Request.<anonymous> (C:\Users\crx\AppData\Roaming\npm\node_modules\yarn\lib\cli.js:130562:10)
      at Request.emit (events.js:189:13)
      at IncomingMessage.<anonymous> (C:\Users\crx\AppData\Roaming\npm\node_modules\yarn\lib\cli.js:130484:12)
      at Object.onceWrapper (events.js:277:13)
      at IncomingMessage.emit (events.js:194:15)
      at endReadableNT (_stream_readable.js:1103:12)
      at process._tickCallback (internal/process/next_tick.js:63:19)

npm manifest: 
  No manifest

yarn manifest: 
  No manifest

Lockfile: 
  No lockfile
